wandb: Currently logged in as: hyeokjong. Use `wandb login --relogin` to force relogin
wandb: wandb version 0.13.2 is available!  To upgrade, please run:
wandb:  $ pip install wandb --upgrade
wandb: Tracking run with wandb version 0.13.1
wandb: Run data is saved locally in /home/mskang/SimPS/BYOL/wandb/run-20220828_000855-1gofme14
wandb: Run `wandb offline` to turn off syncing.
wandb: Syncing run [Training][batch:256][input:128][2022-08-28 00:08:54]
wandb: â­ï¸ View project at https://wandb.ai/hyeokjong/%5BBYOL%5D%5Bsupcon%5D%5Bcifar10%5D%5Bresnet50%5D
wandb: ðŸš€ View run at https://wandb.ai/hyeokjong/%5BBYOL%5D%5Bsupcon%5D%5Bcifar10%5D%5Bresnet50%5D/runs/1gofme14
wandb: WARNING Calling wandb.run.save without any arguments is deprecated.Changes to attributes are automatically persisted.
Files already downloaded and verified
[epoch:1/1200] [loss:0.23298378779053688] [lr:0.009304] [Time:[2022-08-28 00:11:31]] [total time:0:02:28]
==> Saving ./result/supcon/cifar10/resnet50/1.pt...
[epoch:2/1200] [loss:0.00829076213389635] [lr:0.008603] [Time:[2022-08-28 00:13:57]] [total time:0:02:26]
==> Saving ./result/supcon/cifar10/resnet50/2.pt...
[epoch:3/1200] [loss:0.0041574451373517516] [lr:0.007903] [Time:[2022-08-28 00:16:24]] [total time:0:02:26]
==> Saving ./result/supcon/cifar10/resnet50/3.pt...
[epoch:4/1200] [loss:0.003495004673153162] [lr:0.007203] [Time:[2022-08-28 00:18:51]] [total time:0:02:27]
==> Saving ./result/supcon/cifar10/resnet50/4.pt...
[epoch:5/1200] [loss:0.0016249006581678987] [lr:0.006503] [Time:[2022-08-28 00:21:19]] [total time:0:02:27]
==> Saving ./result/supcon/cifar10/resnet50/5.pt...
[epoch:6/1200] [loss:0.0007742738699913025] [lr:0.005803] [Time:[2022-08-28 00:23:46]] [total time:0:02:27]
[epoch:7/1200] [loss:0.001015945746973157] [lr:0.005103] [Time:[2022-08-28 00:26:13]] [total time:0:02:27]
[epoch:8/1200] [loss:0.0017706444025784732] [lr:0.004403] [Time:[2022-08-28 00:28:40]] [total time:0:02:27]
[epoch:9/1200] [loss:0.0006676080349087715] [lr:0.003703] [Time:[2022-08-28 00:31:07]] [total time:0:02:27]
[epoch:10/1200] [loss:0.0022983025455847383] [lr:0.003003] [Time:[2022-08-28 00:33:34]] [total time:0:02:27]
Killed
